#
# A fatal error has been detected by the Java Runtime Environment:
#
#  EXCEPTION_ACCESS_VIOLATION (0xc0000005) at pc=0x0000022e934ae91d, pid=3696, tid=7384
#
# JRE version: OpenJDK Runtime Environment (14.0.2+12) (build 14.0.2+12-46)
# Java VM: OpenJDK 64-Bit Server VM (14.0.2+12-46, mixed mode, tiered, compressed oops, g1 gc, windows-amd64)
# Problematic frame:
# j  sun.security.rsa.RSACore.getByteLength(Ljava/security/interfaces/RSAKey;)I+1 java.base@14.0.2
#
# No core dump will be written. Minidumps are not enabled by default on client versions of Windows
#
# If you would like to submit a bug report, please visit:
#   https://bugreport.java.com/bugreport/crash.jsp
#

---------------  S U M M A R Y ------------

Command Line: -Dcom.sun.management.jmxremote -Dcom.sun.management.jmxremote.port=52333 -Dcom.sun.management.jmxremote.authenticate=false -Dcom.sun.management.jmxremote.ssl=false -Djava.rmi.server.hostname=localhost -Dspring.jmx.enabled=true -Dspring.application.admin.enabled=true -Xverify:none -XX:TieredStopAtLevel=1 -Dspring.boot.project.name=mobile-app-ws -Dfile.encoding=Cp1252 -XX:+ShowCodeDetailsInExceptionMessages com.appsdeveloperblog.app.ws.MobileAppWsApplication --spring.output.ansi.enabled=always

Host: Intel(R) Core(TM) i7-4790 CPU @ 3.60GHz, 8 cores, 15G,  Windows 10 , 64 bit Build 19041 (10.0.19041.546)
Time: Thu Oct 29 13:49:07 2020 Hora Padrão Brasil Central elapsed time: 7077 seconds (0d 1h 57m 57s)

---------------  T H R E A D  ---------------

Current thread (0x0000022eb382c000):  JavaThread "HikariPool-1 connection adder" daemon [_thread_in_Java, id=7384, stack(0x00000083f7200000,0x00000083f7300000)]

Stack: [0x00000083f7200000,0x00000083f7300000],  sp=0x00000083f72fdd48,  free space=1015k
Native frames: (J=compiled Java code, j=interpreted, Vv=VM code, C=native code)
C  0x0000022e934ae91d


siginfo: EXCEPTION_ACCESS_VIOLATION (0xc0000005), reading address 0x0000000804000201


Register to memory mapping:

RIP=0x0000022e934ae91d is at code_begin+1853 in an Interpreter codelet
invokeinterface  185 invokeinterface  [0x0000022e934ae1e0, 0x0000022e934aed80]  2976 bytes
RAX=0x00000008005c1bc8 is a pointer to class: 
java.security.interfaces.RSAKey {0x00000008005c1bd0}
RBX={method} {0x0000022eb3265c48} 'getModulus' '()Ljava/math/BigInteger;' in 'java/security/interfaces/RSAKey'
RCX={method} {0x0000022eb3265c48} 'getModulus' '()Ljava/math/BigInteger;' in 'java/security/interfaces/RSAKey'
RDX=0x0000000800000021 is pointing into metadata
RSP=0x00000083f72fdd48 is pointing into the stack for thread: 0x0000022eb382c000
RBP=0x00000083f72fdda0 is pointing into the stack for thread: 0x0000022eb382c000
RSI=0x0000000000000012 is an unknown value
RDI=0x0000000000000012 is an unknown value
R8 =0x0000000000000012 is an unknown value
R9 =0x0 is NULL
R10=0x00007ff8281ed1a0 jvm.dll
R11=0x00000000c21f4420 is an unknown value
R12=0x0 is NULL
R13=0x0000022eb4512881 is pointing into metadata
R14=0x0000000804000201 is an unknown value
R15=0x0000022eb382c000 is a thread


Registers:
RAX=0x00000008005c1bc8, RBX=0x0000022eb3265c40, RCX=0x0000022eb3265c40, RDX=0x0000000800000021
RSP=0x00000083f72fdd48, RBP=0x00000083f72fdda0, RSI=0x0000000000000012, RDI=0x0000000000000012
R8 =0x0000000000000012, R9 =0x0000000000000000, R10=0x00007ff8281ed1a0, R11=0x00000000c21f4420
R12=0x0000000000000000, R13=0x0000022eb4512881, R14=0x0000000804000201, R15=0x0000022eb382c000
RIP=0x0000022e934ae91d, EFLAGS=0x0000000000010246

Top of Stack: (sp=0x00000083f72fdd48)
0x00000083f72fdd48:   0000022e93499fe2 0000000702c37bf8
0x00000083f72fdd58:   00000083f72fdd58 0000022eb4512881
0x00000083f72fdd68:   00000083f72fddb0 0000022eb45135d8
0x00000083f72fdd78:   0000000000000000 00000007033b9b78
0x00000083f72fdd88:   0000022eb45128a0 0000000000000000
0x00000083f72fdd98:   00000083f72fddb0 00000083f72fde08
0x00000083f72fdda8:   0000022e93499bc0 0000000702c37bf8
0x00000083f72fddb8:   0000000000000100 00000083f72fddc0
0x00000083f72fddc8:   0000022eb4406ce2 00000083f72fde40
0x00000083f72fddd8:   0000022eb4407a40 0000000000000000
0x00000083f72fdde8:   0000000702b07078 0000022eb4406de8
0x00000083f72fddf8:   00000083f72fddb0 00000083f72fde38
0x00000083f72fde08:   00000083f72fde90 0000022e93499950
0x00000083f72fde18:   0000000000000000 0000000000000000
0x00000083f72fde28:   0000000000000000 0000000000000000
0x00000083f72fde38:   0000000705d6f560 0000000705d70120 

Instructions: (pc=0x0000022e934ae91d)
0x0000022e934ae81d:   01 00 00 00 74 17 4c 33 6a 08 49 f7 c5 fc ff ff
0x0000022e934ae82d:   ff 74 0e 48 81 4a 08 02 00 00 00 eb 04 4c 89 6a
0x0000022e934ae83d:   08 48 83 c2 10 4c 8b 6a e8 41 83 ed 02 41 83 fd
0x0000022e934ae84d:   02 0f 8c 89 00 00 00 4c 8b 6b 08 45 0f b7 6d 34
0x0000022e934ae85d:   4c 2b 2a 41 83 ed 01 4e 8b 6c ec 08 4d 85 ed 75
0x0000022e934ae86d:   0a 48 81 4a 08 01 00 00 00 eb 59 45 8b 6d 08 49
0x0000022e934ae87d:   bc 00 00 00 00 08 00 00 00 4d 03 ec 4d 33 e4 4c
0x0000022e934ae88d:   33 6a 08 49 f7 c5 fc ff ff ff 74 38 49 f7 c5 02
0x0000022e934ae89d:   00 00 00 75 2f 48 81 7a 08 00 00 00 00 74 21 48
0x0000022e934ae8ad:   81 7a 08 01 00 00 00 74 17 4c 33 6a 08 49 f7 c5
0x0000022e934ae8bd:   fc ff ff ff 74 0e 48 81 4a 08 02 00 00 00 eb 04
0x0000022e934ae8cd:   4c 89 6a 08 48 83 c2 10 4c 8b 6a d8 41 83 ed 04
0x0000022e934ae8dd:   41 c1 e5 03 49 03 d5 48 89 55 d8 4c 8d 6c 24 08
0x0000022e934ae8ed:   4c 89 6d f0 ff 63 48 4c 8b 75 c8 8b 51 08 49 bc
0x0000022e934ae8fd:   00 00 00 00 08 00 00 00 49 03 d4 4d 33 e4 48 8b
0x0000022e934ae90d:   cb 44 8b b2 c4 00 00 00 4e 8d b4 f2 e0 01 00 00
0x0000022e934ae91d:   4d 8b 2e 49 3b c5 74 15 4d 85 ed 0f 84 66 03 00
0x0000022e934ae92d:   00 49 83 c6 10 4d 8b 2e 49 3b c5 75 eb 4c 8b 6d
0x0000022e934ae93d:   c0 4c 8b 6d d8 4d 85 ed 0f 84 97 00 00 00 4d 8b
0x0000022e934ae94d:   75 18 4c 3b f2 0f 85 0f 00 00 00 49 83 45 20 01
0x0000022e934ae95d:   49 83 5d 20 00 e9 73 00 00 00 4d 85 f6 0f 84 43
0x0000022e934ae96d:   00 00 00 4d 8b 75 28 4c 3b f2 0f 85 0f 00 00 00
0x0000022e934ae97d:   49 83 45 30 01 49 83 5d 30 00 e9 4e 00 00 00 4d
0x0000022e934ae98d:   85 f6 74 0f 49 83 45 08 01 49 83 5d 08 00 e9 3a
0x0000022e934ae99d:   00 00 00 49 89 55 28 41 be 01 00 00 00 4d 89 75
0x0000022e934ae9ad:   30 e9 27 00 00 00 49 3b 55 28 0f 85 0f 00 00 00
0x0000022e934ae9bd:   49 83 45 30 01 49 83 5d 30 00 e9 0e 00 00 00 49
0x0000022e934ae9cd:   89 55 18 41 be 01 00 00 00 4d 89 75 20 49 83 c5
0x0000022e934ae9dd:   38 4c 89 6d d8 48 8b 43 08 48 8b 40 08 48 8b 40
0x0000022e934ae9ed:   18 8b 5b 24 83 eb f6 f7 db 4c 8b f2 45 8b ae c4
0x0000022e934ae9fd:   00 00 00 4f 8d ac ee e0 01 00 00 4d 8d 34 de 49
0x0000022e934aea0d:   8b 5d 00 48 3b c3 74 16 48 85 db 0f 84 76 02 00 


Stack slot to memory mapping:
stack at sp + 0 slots: 0x0000022e93499fe2 is at code_begin+1890 in an Interpreter codelet
invoke return entry points  [0x0000022e93499880, 0x0000022e9349a280]  2560 bytes
stack at sp + 1 slots: 0x0000000702c37bf8 is an oop: sun.security.rsa.RSAPublicKeyImpl 
{0x0000000702c37bf8} - klass: 'sun/security/rsa/RSAPublicKeyImpl'
stack at sp + 2 slots: 0x00000083f72fdd58 is pointing into the stack for thread: 0x0000022eb382c000
stack at sp + 3 slots: 0x0000022eb4512881 is pointing into metadata
stack at sp + 4 slots: 0x00000083f72fddb0 is pointing into the stack for thread: 0x0000022eb382c000
stack at sp + 5 slots: 0x0000022eb45135d8 is pointing into metadata
stack at sp + 6 slots: 0x0 is NULL
stack at sp + 7 slots: 0x00000007033b9b78 is an oop: java.lang.Class 
{0x00000007033b9b78} - klass: 'java/lang/Class'

invokeinterface  185 invokeinterface  [0x0000022e934ae1e0, 0x0000022e934aed80]  2976 bytes
[MachCode]
  0x0000022e934ae1e0: 50e9 3900 | 0000 4883 | ec08 c5fa | 1104 24e9 | 2b00 0000 | 4883 ec10 | c5fb 1104 | 24e9 1d00 
  0x0000022e934ae200: 0000 4883 | ec10 4889 | 0424 49ba | 0000 0000 | 0000 0000 | 4c89 5424 | 08e9 0100 | 0000 504c 
  0x0000022e934ae220: 896d c041 | 0fb7 5501 | 488b 4dd0 | c1e2 028b | 5cd1 20c1 | eb10 81e3 | ff00 0000 | 81fb b900 
  0x0000022e934ae240: 0000 0f84 | c800 0000 | bbb9 0000 | 00e8 0500 | 0000 e9ad | 0000 0048 | 8bd3 488d | 4424 084c 
  0x0000022e934ae260: 896d c049 | 8bcf c5f8 | 7749 89af | 0003 0000 | 4989 87f0 | 0200 0048 | 83ec 20f7 | c40f 0000 
  0x0000022e934ae280: 000f 841a | 0000 0048 | 83ec 0849 | ba90 a1ab | 27f8 7f00 | 0041 ffd2 | 4883 c408 | e90d 0000 
  0x0000022e934ae2a0: 0049 ba90 | a1ab 27f8 | 7f00 0041 | ffd2 4883 | c420 49ba | 0000 0000 | 0000 0000 | 4d89 97f0 
  0x0000022e934ae2c0: 0200 0049 | ba00 0000 | 0000 0000 | 004d 8997 | 0003 0000 | 49ba 0000 | 0000 0000 | 0000 4d89 
  0x0000022e934ae2e0: 97f8 0200 | 00c5 f877 | 4981 7f08 | 0000 0000 | 0f84 0500 | 0000 e985 | 2bfe ff4c | 8b6d c04c 
  0x0000022e934ae300: 8b75 c8c3 | 410f b755 | 0148 8b4d | d0c1 e202 | 488b 44d1 | 2848 8b5c | d130 8b54 | d138 8bca 
  0x0000022e934ae320: 81e1 ff00 | 0000 488b | 4ccc f844 | 8bea c1ea | 1c49 baa0 | d11e 28f8 | 7f00 0049 | 8b14 d252 
  0x0000022e934ae340: 418b d54c | 8b6d c044 | 8bf2 4181 | e600 0080 | 000f 84ad | 0300 008b | c281 e000 | 0010 000f 
  0x0000022e934ae360: 8482 0100 | 0048 3b01 | 488b 45d8 | 4885 c00f | 8412 0000 | 0048 8340 | 0801 4883 | 5808 0048 
  0x0000022e934ae380: 83c0 3848 | 8945 d848 | 8b45 d848 | 85c0 0f84 | 4701 0000 | 8078 c80b | 0f85 3d01 | 0000 4883 
  0x0000022e934ae3a0: c008 4c8b | 68f8 4183 | ed00 4183 | fd02 0f8c | 1c01 0000 | 4c8b 6b08 | 450f b76d | 344c 2b28 
  0x0000022e934ae3c0: 4183 ed01 | 4e8b 6cec | 084d 85ed | 750a 4881 | 4808 0100 | 0000 eb59 | 458b 6d08 | 49bc 0000 
  0x0000022e934ae3e0: 0000 0800 | 0000 4d03 | ec4d 33e4 | 4c33 6808 | 49f7 c5fc | ffff ff74 | 3849 f7c5 | 0200 0000 
  0x0000022e934ae400: 752f 4881 | 7808 0000 | 0000 7421 | 4881 7808 | 0100 0000 | 7417 4c33 | 6808 49f7 | c5fc ffff 
  0x0000022e934ae420: ff74 0e48 | 8148 0802 | 0000 00eb | 044c 8968 | 0848 83c0 | 104c 8b68 | e841 83ed | 0241 83fd 
  0x0000022e934ae440: 020f 8c89 | 0000 004c | 8b6b 0845 | 0fb7 6d34 | 4c2b 2841 | 83ed 014e | 8b6c ec08 | 4d85 ed75 
  0x0000022e934ae460: 0a48 8148 | 0801 0000 | 00eb 5945 | 8b6d 0849 | bc00 0000 | 0008 0000 | 004d 03ec | 4d33 e44c 
  0x0000022e934ae480: 3368 0849 | f7c5 fcff | ffff 7438 | 49f7 c502 | 0000 0075 | 2f48 8178 | 0800 0000 | 0074 2148 
  0x0000022e934ae4a0: 8178 0801 | 0000 0074 | 174c 3368 | 0849 f7c5 | fcff ffff | 740e 4881 | 4808 0200 | 0000 eb04 
  0x0000022e934ae4c0: 4c89 6808 | 4883 c010 | 4c8b 68d8 | 4183 ed04 | 41c1 e503 | 4903 c548 | 8945 d84c | 8d6c 2408 
  0x0000022e934ae4e0: 4c89 6df0 | ff63 488b | 4108 49bc | 0000 0000 | 0800 0000 | 4903 c44d | 33e4 4c8b | 75d8 4d85 
  0x0000022e934ae500: f60f 8495 | 0000 0049 | 8b56 1848 | 3bd0 0f85 | 0f00 0000 | 4983 4620 | 0149 835e | 2000 e971 
  0x0000022e934ae520: 0000 0048 | 85d2 0f84 | 4200 0000 | 498b 5628 | 483b d00f | 850f 0000 | 0049 8346 | 3001 4983 
  0x0000022e934ae540: 5e30 00e9 | 4c00 0000 | 4885 d274 | 0f49 8346 | 0801 4983 | 5e08 00e9 | 3800 0000 | 4989 4628 
  0x0000022e934ae560: ba01 0000 | 0049 8956 | 30e9 2600 | 0000 493b | 4628 0f85 | 0f00 0000 | 4983 4630 | 0149 835e 
  0x0000022e934ae580: 3000 e90d | 0000 0049 | 8946 18ba | 0100 0000 | 4989 5620 | 4983 c638 | 4c89 75d8 | 488b 9cd8 
  0x0000022e934ae5a0: e001 0000 | 488b 55d8 | 4885 d20f | 8447 0100 | 0080 7ac8 | 0b0f 853d | 0100 0048 | 83c2 084c 
  0x0000022e934ae5c0: 8b6a f841 | 83ed 0041 | 83fd 020f | 8c1c 0100 | 004c 8b6b | 0845 0fb7 | 6d34 4c2b | 2a41 83ed 
  0x0000022e934ae5e0: 014e 8b6c | ec08 4d85 | ed75 0a48 | 814a 0801 | 0000 00eb | 5945 8b6d | 0849 bc00 | 0000 0008 
  0x0000022e934ae600: 0000 004d | 03ec 4d33 | e44c 336a | 0849 f7c5 | fcff ffff | 7438 49f7 | c502 0000 | 0075 2f48 
  0x0000022e934ae620: 817a 0800 | 0000 0074 | 2148 817a | 0801 0000 | 0074 174c | 336a 0849 | f7c5 fcff | ffff 740e 
  0x0000022e934ae640: 4881 4a08 | 0200 0000 | eb04 4c89 | 6a08 4883 | c210 4c8b | 6ae8 4183 | ed02 4183 | fd02 0f8c 
  0x0000022e934ae660: 8900 0000 | 4c8b 6b08 | 450f b76d | 344c 2b2a | 4183 ed01 | 4e8b 6cec | 084d 85ed | 750a 4881 
  0x0000022e934ae680: 4a08 0100 | 0000 eb59 | 458b 6d08 | 49bc 0000 | 0000 0800 | 0000 4d03 | ec4d 33e4 | 4c33 6a08 
  0x0000022e934ae6a0: 49f7 c5fc | ffff ff74 | 3849 f7c5 | 0200 0000 | 752f 4881 | 7a08 0000 | 0000 7421 | 4881 7a08 
  0x0000022e934ae6c0: 0100 0000 | 7417 4c33 | 6a08 49f7 | c5fc ffff | ff74 0e48 | 814a 0802 | 0000 00eb | 044c 896a 
  0x0000022e934ae6e0: 0848 83c2 | 104c 8b6a | d841 83ed | 0441 c1e5 | 0349 03d5 | 4889 55d8 | 4c8d 6c24 | 084c 896d 
  0x0000022e934ae700: f0ff 6348 | 448b f241 | 81e6 0000 | 1000 0f84 | e001 0000 | 448b 7108 | 49bc 0000 | 0000 0800 
  0x0000022e934ae720: 0000 4d03 | f44d 33e4 | 4c3b f00f | 8444 0000 | 0044 8b68 | 104b 3b04 | 2e0f 8436 | 0000 0041 
  0x0000022e934ae740: 83fd 200f | 8524 0000 | 0050 488b | c051 5749 | 8b7e 288b | 0f48 83c7 | 0848 85c0 | f248 af5f 
  0x0000022e934ae760: 5958 7509 | 4989 4620 | e908 0000 | 0049 8bd6 | e91f 0500 | 0048 8b55 | d848 85d2 | 0f84 1200 
  0x0000022e934ae780: 0000 4883 | 4208 0148 | 835a 0800 | 4883 c238 | 4889 55d8 | 488b 55d8 | 4885 d20f | 8447 0100 
  0x0000022e934ae7a0: 0080 7ac8 | 0b0f 853d | 0100 0048 | 83c2 084c | 8b6a f841 | 83ed 0041 | 83fd 020f | 8c1c 0100 
  0x0000022e934ae7c0: 004c 8b6b | 0845 0fb7 | 6d34 4c2b | 2a41 83ed | 014e 8b6c | ec08 4d85 | ed75 0a48 | 814a 0801 
  0x0000022e934ae7e0: 0000 00eb | 5945 8b6d | 0849 bc00 | 0000 0008 | 0000 004d | 03ec 4d33 | e44c 336a | 0849 f7c5 
  0x0000022e934ae800: fcff ffff | 7438 49f7 | c502 0000 | 0075 2f48 | 817a 0800 | 0000 0074 | 2148 817a | 0801 0000 
  0x0000022e934ae820: 0074 174c | 336a 0849 | f7c5 fcff | ffff 740e | 4881 4a08 | 0200 0000 | eb04 4c89 | 6a08 4883 
  0x0000022e934ae840: c210 4c8b | 6ae8 4183 | ed02 4183 | fd02 0f8c | 8900 0000 | 4c8b 6b08 | 450f b76d | 344c 2b2a 
  0x0000022e934ae860: 4183 ed01 | 4e8b 6cec | 084d 85ed | 750a 4881 | 4a08 0100 | 0000 eb59 | 458b 6d08 | 49bc 0000 
  0x0000022e934ae880: 0000 0800 | 0000 4d03 | ec4d 33e4 | 4c33 6a08 | 49f7 c5fc | ffff ff74 | 3849 f7c5 | 0200 0000 
  0x0000022e934ae8a0: 752f 4881 | 7a08 0000 | 0000 7421 | 4881 7a08 | 0100 0000 | 7417 4c33 | 6a08 49f7 | c5fc ffff 
  0x0000022e934ae8c0: ff74 0e48 | 814a 0802 | 0000 00eb | 044c 896a | 0848 83c2 | 104c 8b6a | d841 83ed | 0441 c1e5 
  0x0000022e934ae8e0: 0349 03d5 | 4889 55d8 | 4c8d 6c24 | 084c 896d | f0ff 6348 | 4c8b 75c8 | 8b51 0849 | bc00 0000 
  0x0000022e934ae900: 0008 0000 | 0049 03d4 | 4d33 e448 | 8bcb 448b | b2c4 0000 | 004e 8db4 | f2e0 0100 | 004d 8b2e 
  0x0000022e934ae920: 493b c574 | 154d 85ed | 0f84 6603 | 0000 4983 | c610 4d8b | 2e49 3bc5 | 75eb 4c8b | 6dc0 4c8b 
  0x0000022e934ae940: 6dd8 4d85 | ed0f 8497 | 0000 004d | 8b75 184c | 3bf2 0f85 | 0f00 0000 | 4983 4520 | 0149 835d 
  0x0000022e934ae960: 2000 e973 | 0000 004d | 85f6 0f84 | 4300 0000 | 4d8b 7528 | 4c3b f20f | 850f 0000 | 0049 8345 
  0x0000022e934ae980: 3001 4983 | 5d30 00e9 | 4e00 0000 | 4d85 f674 | 0f49 8345 | 0801 4983 | 5d08 00e9 | 3a00 0000 
  0x0000022e934ae9a0: 4989 5528 | 41be 0100 | 0000 4d89 | 7530 e927 | 0000 0049 | 3b55 280f | 850f 0000 | 0049 8345 
  0x0000022e934ae9c0: 3001 4983 | 5d30 00e9 | 0e00 0000 | 4989 5518 | 41be 0100 | 0000 4d89 | 7520 4983 | c538 4c89 
  0x0000022e934ae9e0: 6dd8 488b | 4308 488b | 4008 488b | 4018 8b5b | 2483 ebf6 | f7db 4c8b | f245 8bae | c400 0000 
  0x0000022e934aea00: 4f8d acee | e001 0000 | 4d8d 34de | 498b 5d00 | 483b c374 | 1648 85db | 0f84 7602 | 0000 4983 
  0x0000022e934aea20: c510 498b | 5d00 483b | c375 ea45 | 8b6d 084b | 8b1c 2e48 | 85db 0f84 | 7c01 0000 | 488b 55d8 
  0x0000022e934aea40: 4885 d20f | 8447 0100 | 0080 7ac8 | 0b0f 853d | 0100 0048 | 83c2 084c | 8b6a f841 | 83ed 0041 
  0x0000022e934aea60: 83fd 020f | 8c1c 0100 | 004c 8b6b | 0845 0fb7 | 6d34 4c2b | 2a41 83ed | 014e 8b6c | ec08 4d85 
  0x0000022e934aea80: ed75 0a48 | 814a 0801 | 0000 00eb | 5945 8b6d | 0849 bc00 | 0000 0008 | 0000 004d | 03ec 4d33 
  0x0000022e934aeaa0: e44c 336a | 0849 f7c5 | fcff ffff | 7438 49f7 | c502 0000 | 0075 2f48 | 817a 0800 | 0000 0074 
  0x0000022e934aeac0: 2148 817a | 0801 0000 | 0074 174c | 336a 0849 | f7c5 fcff | ffff 740e | 4881 4a08 | 0200 0000 
  0x0000022e934aeae0: eb04 4c89 | 6a08 4883 | c210 4c8b | 6ae8 4183 | ed02 4183 | fd02 0f8c | 8900 0000 | 4c8b 6b08 
  0x0000022e934aeb00: 450f b76d | 344c 2b2a | 4183 ed01 | 4e8b 6cec | 084d 85ed | 750a 4881 | 4a08 0100 | 0000 eb59 
  0x0000022e934aeb20: 458b 6d08 | 49bc 0000 | 0000 0800 | 0000 4d03 | ec4d 33e4 | 4c33 6a08 | 49f7 c5fc | ffff ff74 
  0x0000022e934aeb40: 3849 f7c5 | 0200 0000 | 752f 4881 | 7a08 0000 | 0000 7421 | 4881 7a08 | 0100 0000 | 7417 4c33 
  0x0000022e934aeb60: 6a08 49f7 | c5fc ffff | ff74 0e48 | 814a 0802 | 0000 00eb | 044c 896a | 0848 83c2 | 104c 8b6a 
  0x0000022e934aeb80: d841 83ed | 0441 c1e5 | 0349 03d5 | 4889 55d8 | 4c8d 6c24 | 084c 896d | f0ff 6348 | 48b9 a859 
  0x0000022e934aeba0: fa27 f87f | 0000 4883 | e4f0 49ba | 8064 cb27 | f87f 0000 | 41ff d2f4 | 5b4c 8b6d | c04c 8b75 
  0x0000022e934aebc0: c84c 8bc1 | e805 0000 | 00e9 aa00 | 0000 488d | 4424 084c | 896d c049 | 8bcf c5f8 | 7749 89af 
  0x0000022e934aebe0: 0003 0000 | 4989 87f0 | 0200 0048 | 83ec 20f7 | c40f 0000 | 000f 841a | 0000 0048 | 83ec 0849 
  0x0000022e934aec00: bae0 b2ab | 27f8 7f00 | 0041 ffd2 | 4883 c408 | e90d 0000 | 0049 bae0 | b2ab 27f8 | 7f00 0041 
  0x0000022e934aec20: ffd2 4883 | c420 49ba | 0000 0000 | 0000 0000 | 4d89 97f0 | 0200 0049 | ba00 0000 | 0000 0000 
  0x0000022e934aec40: 004d 8997 | 0003 0000 | 49ba 0000 | 0000 0000 | 0000 4d89 | 97f8 0200 | 00c5 f877 | 4981 7f08 
  0x0000022e934aec60: 0000 0000 | 0f84 0500 | 0000 e911 | 22fe ff4c | 8b6d c04c | 8b75 c8c3 | 48b9 a859 | fa27 f87f 
  0x0000022e934aec80: 0000 4883 | e4f0 49ba | 8064 cb27 | f87f 0000 | 41ff d2f4 | 5b4c 8b6d | c04c 8b75 | c8e8 0500 
  0x0000022e934aeca0: 0000 e9ad | 0000 004c | 8bc0 488d | 4424 084c | 896d c049 | 8bcf c5f8 | 7749 89af | 0003 0000 
  0x0000022e934aecc0: 4989 87f0 | 0200 0048 | 83ec 20f7 | c40f 0000 | 000f 841a | 0000 0048 | 83ec 0849 | ba50 b9ab 
  0x0000022e934aece0: 27f8 7f00 | 0041 ffd2 | 4883 c408 | e90d 0000 | 0049 ba50 | b9ab 27f8 | 7f00 0041 | ffd2 4883 
  0x0000022e934aed00: c420 49ba | 0000 0000 | 0000 0000 | 4d89 97f0 | 0200 0049 | ba00 0000 | 0000 0000 | 004d 8997 
  0x0000022e934aed20: 0003 0000 | 49ba 0000 | 0000 0000 | 0000 4d89 | 97f8 0200 | 00c5 f877 | 4981 7f08 | 0000 0000 
  0x0000022e934aed40: 0f84 0500 | 0000 e935 | 21fe ff4c | 8b6d c04c | 8b75 c8c3 | 48b9 a859 | fa27 f87f | 0000 4883 
  0x0000022e934aed60: e4f0 49ba | 8064 cb27 | f87f 0000 | 41ff d2f4 | 0000 0000 | 0000 0000 | 0000 0000 | 0000 0000 
[/MachCode]

---------------  P R O C E S S  ---------------

Threads class SMR info:
_java_thread_list=0x0000022eb17f48c0, length=36, elements={
0x0000022eaf339800, 0x0000022eaf33c800, 0x0000022eaf381800, 0x0000022eaf385800,
0x0000022eaf367800, 0x0000022eaf36c000, 0x0000022eaf38f000, 0x0000022eaf2f0800,
0x0000022eaf54f000, 0x0000022eafb18800, 0x0000022eafb24800, 0x0000022eafb7e800,
0x0000022eafc9f800, 0x0000022eb13a6800, 0x0000022eb13a6000, 0x0000022eb13a8800,
0x0000022eb13a7800, 0x0000022eb13a5000, 0x0000022eb13aa000, 0x0000022eb13a4800,
0x0000022eb13ab000, 0x0000022eb185d000, 0x0000022eb185c800, 0x0000022eb185e000,
0x0000022eb1859000, 0x0000022eb185a000, 0x0000022eb185a800, 0x0000022eb1858800,
0x0000022eb185f800, 0x0000022eb185f000, 0x0000022eb185b800, 0x0000022eb1867000,
0x0000022eb3826800, 0x0000022eb382d000, 0x0000022eb3829000, 0x0000022eb382c000
}

Java Threads: ( => current thread )
  0x0000022eaf339800 JavaThread "Reference Handler" daemon [_thread_blocked, id=6164, stack(0x00000083f6500000,0x00000083f6600000)]
  0x0000022eaf33c800 JavaThread "Finalizer" daemon [_thread_blocked, id=8456, stack(0x00000083f6600000,0x00000083f6700000)]
  0x0000022eaf381800 JavaThread "Signal Dispatcher" daemon [_thread_blocked, id=8972, stack(0x00000083f6700000,0x00000083f6800000)]
  0x0000022eaf385800 JavaThread "Attach Listener" daemon [_thread_blocked, id=2256, stack(0x00000083f6800000,0x00000083f6900000)]
  0x0000022eaf367800 JavaThread "Service Thread" daemon [_thread_blocked, id=8852, stack(0x00000083f6900000,0x00000083f6a00000)]
  0x0000022eaf36c000 JavaThread "C1 CompilerThread0" daemon [_thread_blocked, id=7224, stack(0x00000083f6a00000,0x00000083f6b00000)]
  0x0000022eaf38f000 JavaThread "Sweeper thread" daemon [_thread_blocked, id=9332, stack(0x00000083f6b00000,0x00000083f6c00000)]
  0x0000022eaf2f0800 JavaThread "Common-Cleaner" daemon [_thread_blocked, id=3592, stack(0x00000083f6c00000,0x00000083f6d00000)]
  0x0000022eaf54f000 JavaThread "Notification Thread" daemon [_thread_blocked, id=6020, stack(0x00000083f6d00000,0x00000083f6e00000)]
  0x0000022eafb18800 JavaThread "RMI TCP Accept-0" daemon [_thread_in_native, id=9968, stack(0x00000083f6e00000,0x00000083f6f00000)]
  0x0000022eafb24800 JavaThread "RMI TCP Accept-52333" daemon [_thread_in_native, id=11588, stack(0x00000083f6f00000,0x00000083f7000000)]
  0x0000022eafb7e800 JavaThread "RMI TCP Accept-0" daemon [_thread_in_native, id=6184, stack(0x00000083f7000000,0x00000083f7100000)]
  0x0000022eafc9f800 JavaThread "RMI Scheduler(0)" daemon [_thread_blocked, id=8680, stack(0x00000083f7300000,0x00000083f7400000)]
  0x0000022eb13a6800 JavaThread "Catalina-utility-1" [_thread_blocked, id=9368, stack(0x00000083f7d00000,0x00000083f7e00000)]
  0x0000022eb13a6000 JavaThread "Catalina-utility-2" [_thread_blocked, id=10428, stack(0x00000083f7f00000,0x00000083f8000000)]
  0x0000022eb13a8800 JavaThread "container-0" [_thread_blocked, id=11504, stack(0x00000083f8000000,0x00000083f8100000)]
  0x0000022eb13a7800 JavaThread "mysql-cj-abandoned-connection-cleanup" daemon [_thread_blocked, id=8724, stack(0x00000083f8100000,0x00000083f8200000)]
  0x0000022eb13a5000 JavaThread "http-nio-8080-BlockPoller" daemon [_thread_in_native, id=5924, stack(0x00000083f8500000,0x00000083f8600000)]
  0x0000022eb13aa000 JavaThread "http-nio-8080-exec-1" daemon [_thread_blocked, id=9764, stack(0x00000083f8600000,0x00000083f8700000)]
  0x0000022eb13a4800 JavaThread "http-nio-8080-exec-2" daemon [_thread_blocked, id=10616, stack(0x00000083f8700000,0x00000083f8800000)]
  0x0000022eb13ab000 JavaThread "http-nio-8080-exec-3" daemon [_thread_blocked, id=11172, stack(0x00000083f8800000,0x00000083f8900000)]
  0x0000022eb185d000 JavaThread "http-nio-8080-exec-4" daemon [_thread_blocked, id=3892, stack(0x00000083f8900000,0x00000083f8a00000)]
  0x0000022eb185c800 JavaThread "http-nio-8080-exec-5" daemon [_thread_blocked, id=11384, stack(0x00000083f8a00000,0x00000083f8b00000)]
  0x0000022eb185e000 JavaThread "http-nio-8080-exec-6" daemon [_thread_blocked, id=4132, stack(0x00000083f8b00000,0x00000083f8c00000)]
  0x0000022eb1859000 JavaThread "http-nio-8080-exec-7" daemon [_thread_blocked, id=1228, stack(0x00000083f8c00000,0x00000083f8d00000)]
  0x0000022eb185a000 JavaThread "http-nio-8080-exec-8" daemon [_thread_blocked, id=12280, stack(0x00000083f8d00000,0x00000083f8e00000)]
  0x0000022eb185a800 JavaThread "http-nio-8080-exec-9" daemon [_thread_blocked, id=11020, stack(0x00000083f8e00000,0x00000083f8f00000)]
  0x0000022eb1858800 JavaThread "http-nio-8080-exec-10" daemon [_thread_blocked, id=884, stack(0x00000083f8f00000,0x00000083f9000000)]
  0x0000022eb185f800 JavaThread "http-nio-8080-ClientPoller" daemon [_thread_in_native, id=5804, stack(0x00000083f9000000,0x00000083f9100000)]
  0x0000022eb185f000 JavaThread "http-nio-8080-Acceptor" daemon [_thread_in_native, id=1832, stack(0x00000083f9100000,0x00000083f9200000)]
  0x0000022eb185b800 JavaThread "HikariPool-1 housekeeper" daemon [_thread_blocked, id=5488, stack(0x00000083f9300000,0x00000083f9400000)]
  0x0000022eb1867000 JavaThread "DestroyJavaVM" [_thread_blocked, id=3848, stack(0x00000083f5e00000,0x00000083f5f00000)]
  0x0000022eb3826800 JavaThread "RMI TCP Connection(120)-127.0.0.1" daemon [_thread_in_native, id=13184, stack(0x00000083f5b00000,0x00000083f5c00000)]
  0x0000022eb382d000 JavaThread "JMX server connection timeout 65" daemon [_thread_blocked, id=3740, stack(0x00000083f5c00000,0x00000083f5d00000)]
  0x0000022eb3829000 JavaThread "HikariPool-1 connection closer" daemon [_thread_blocked, id=9584, stack(0x00000083f5d00000,0x00000083f5e00000)]
=>0x0000022eb382c000 JavaThread "HikariPool-1 connection adder" daemon [_thread_in_Java, id=7384, stack(0x00000083f7200000,0x00000083f7300000)]

Other Threads:
  0x0000022eaf323800 VMThread "VM Thread" [stack: 0x00000083f6400000,0x00000083f6500000] [id=6908]
  0x0000022eafb7f800 WatcherThread [stack: 0x00000083f7100000,0x00000083f7200000] [id=7100]
  0x0000022e8f82f000 GCTaskThread "GC Thread#0" [stack: 0x00000083f5f00000,0x00000083f6000000] [id=11864]
  0x0000022eb0a8b800 GCTaskThread "GC Thread#1" [stack: 0x00000083f7600000,0x00000083f7700000] [id=4220]
  0x0000022eb0a90000 GCTaskThread "GC Thread#2" [stack: 0x00000083f7700000,0x00000083f7800000] [id=12164]
  0x0000022eb0a4c000 GCTaskThread "GC Thread#3" [stack: 0x00000083f7800000,0x00000083f7900000] [id=3940]
  0x0000022eb0a4c800 GCTaskThread "GC Thread#4" [stack: 0x00000083f7900000,0x00000083f7a00000] [id=6480]
  0x0000022eb0a91000 GCTaskThread "GC Thread#5" [stack: 0x00000083f7a00000,0x00000083f7b00000] [id=9996]
  0x0000022eb1511800 GCTaskThread "GC Thread#6" [stack: 0x00000083f8300000,0x00000083f8400000] [id=11296]
  0x0000022eb158c800 GCTaskThread "GC Thread#7" [stack: 0x00000083f8400000,0x00000083f8500000] [id=7528]
  0x0000022e8f851000 ConcurrentGCThread "G1 Main Marker" [stack: 0x00000083f6000000,0x00000083f6100000] [id=4692]
  0x0000022e8f852000 ConcurrentGCThread "G1 Conc#0" [stack: 0x00000083f6100000,0x00000083f6200000] [id=4576]
  0x0000022eb0d8d800 ConcurrentGCThread "G1 Conc#1" [stack: 0x00000083f7e00000,0x00000083f7f00000] [id=11820]
  0x0000022eae938000 ConcurrentGCThread "G1 Refine#0" [stack: 0x00000083f6200000,0x00000083f6300000] [id=1776]
  0x0000022eb0ae4800 ConcurrentGCThread "G1 Refine#1" [stack: 0x00000083f7b00000,0x00000083f7c00000] [id=7228]
  0x0000022eafd08000 ConcurrentGCThread "G1 Refine#2" [stack: 0x00000083f7c00000,0x00000083f7d00000] [id=7052]
  0x0000022eae939000 ConcurrentGCThread "G1 Young RemSet Sampling" [stack: 0x00000083f6300000,0x00000083f6400000] [id=2420]

Threads with active compile tasks:

VM state:not at safepoint (normal execution)

VM Mutex/Monitor currently owned by a thread: None

Heap address: 0x0000000701c00000, size: 4068 MB, Compressed Oops mode: Zero based, Oop shift amount: 3
Narrow klass base: 0x0000000800000000, Narrow klass shift: 0
Compressed class space size: 1073741824 Address: 0x0000000800000000

Heap:
 garbage-first heap   total 102400K, used 68838K [0x0000000701c00000, 0x0000000800000000)
  region size 1024K, 40 young (40960K), 5 survivors (5120K)
 Metaspace       used 60724K, capacity 62287K, committed 62492K, reserved 1103872K
  class space    used 7884K, capacity 8432K, committed 8572K, reserved 1048576K
Heap Regions: E=young(eden), S=young(survivor), O=old, HS=humongous(starts), HC=humongous(continues), CS=collection set, F=free, OA=open archive, CA=closed archive, TAMS=top-at-mark-start (previous, next)
|   0|0x0000000701c00000, 0x0000000701d00000, 0x0000000701d00000|100%|HS|  |TAMS 0x0000000701d00000, 0x0000000701c00000| Complete 
|   1|0x0000000701d00000, 0x0000000701e00000, 0x0000000701e00000|100%| O|  |TAMS 0x0000000701e00000, 0x0000000701d00000| Untracked 
|   2|0x0000000701e00000, 0x0000000701f00000, 0x0000000701f00000|100%| O|  |TAMS 0x0000000701f00000, 0x0000000701e00000| Untracked 
|   3|0x0000000701f00000, 0x0000000702000000, 0x0000000702000000|100%| O|  |TAMS 0x0000000702000000, 0x0000000701f00000| Untracked 
|   4|0x0000000702000000, 0x0000000702100000, 0x0000000702100000|100%| O|  |TAMS 0x0000000702100000, 0x0000000702000000| Untracked 
|   5|0x0000000702100000, 0x0000000702200000, 0x0000000702200000|100%| O|  |TAMS 0x0000000702200000, 0x0000000702100000| Untracked 
|   6|0x0000000702200000, 0x00000007022d2c00, 0x0000000702300000| 82%| O|  |TAMS 0x00000007022d2c00, 0x0000000702200000| Untracked 
|   7|0x0000000702300000, 0x00000007023f2200, 0x0000000702400000| 94%| O|  |TAMS 0x00000007023f2200, 0x0000000702300000| Untracked 
|   8|0x0000000702400000, 0x0000000702500000, 0x0000000702500000|100%| O|  |TAMS 0x0000000702500000, 0x0000000702400000| Untracked 
|   9|0x0000000702500000, 0x0000000702600000, 0x0000000702600000|100%| O|  |TAMS 0x0000000702600000, 0x0000000702500000| Untracked 
|  10|0x0000000702600000, 0x0000000702700000, 0x0000000702700000|100%| O|  |TAMS 0x0000000702700000, 0x0000000702600000| Untracked 
|  11|0x0000000702700000, 0x0000000702800000, 0x0000000702800000|100%| O|  |TAMS 0x0000000702800000, 0x0000000702700000| Untracked 
|  12|0x0000000702800000, 0x0000000702900000, 0x0000000702900000|100%| O|  |TAMS 0x0000000702900000, 0x0000000702800000| Untracked 
|  13|0x0000000702900000, 0x0000000702a00000, 0x0000000702a00000|100%| O|  |TAMS 0x0000000702a00000, 0x0000000702900000| Untracked 
|  14|0x0000000702a00000, 0x0000000702b00000, 0x0000000702b00000|100%| O|  |TAMS 0x0000000702aa0e00, 0x0000000702a00000| Untracked 
|  15|0x0000000702b00000, 0x0000000702c00000, 0x0000000702c00000|100%| O|  |TAMS 0x0000000702b00000, 0x0000000702b00000| Untracked 
|  16|0x0000000702c00000, 0x0000000702d00000, 0x0000000702d00000|100%| O|  |TAMS 0x0000000702c00000, 0x0000000702c00000| Untracked 
|  17|0x0000000702d00000, 0x0000000702e00000, 0x0000000702e00000|100%| O|  |TAMS 0x0000000702d00000, 0x0000000702d00000| Untracked 
|  18|0x0000000702e00000, 0x0000000702f00000, 0x0000000702f00000|100%| O|  |TAMS 0x0000000702e00000, 0x0000000702e00000| Untracked 
|  19|0x0000000702f00000, 0x0000000703000000, 0x0000000703000000|100%| O|  |TAMS 0x0000000702f00000, 0x0000000702f00000| Untracked 
|  20|0x0000000703000000, 0x0000000703100000, 0x0000000703100000|100%| O|  |TAMS 0x0000000703000000, 0x0000000703000000| Untracked 
|  21|0x0000000703100000, 0x0000000703200000, 0x0000000703200000|100%| O|  |TAMS 0x0000000703100000, 0x0000000703100000| Untracked 
|  22|0x0000000703200000, 0x0000000703300000, 0x0000000703300000|100%| O|  |TAMS 0x0000000703200000, 0x0000000703200000| Untracked 
|  23|0x0000000703300000, 0x0000000703400000, 0x0000000703400000|100%| O|  |TAMS 0x0000000703300000, 0x0000000703300000| Untracked 
|  24|0x0000000703400000, 0x000000070345fe00, 0x0000000703500000| 37%| O|  |TAMS 0x0000000703400000, 0x0000000703400000| Untracked 
|  25|0x0000000703500000, 0x0000000703600000, 0x0000000703600000|100%| O|  |TAMS 0x0000000703500000, 0x0000000703500000| Untracked 
|  26|0x0000000703600000, 0x0000000703700000, 0x0000000703700000|100%| O|  |TAMS 0x0000000703600000, 0x0000000703600000| Untracked 
|  27|0x0000000703700000, 0x0000000703800000, 0x0000000703800000|100%| O|  |TAMS 0x0000000703700000, 0x0000000703700000| Untracked 
|  28|0x0000000703800000, 0x0000000703900000, 0x0000000703900000|100%| O|  |TAMS 0x0000000703800000, 0x0000000703800000| Untracked 
|  29|0x0000000703900000, 0x0000000703a00000, 0x0000000703a00000|100%| O|  |TAMS 0x0000000703900000, 0x0000000703900000| Untracked 
|  30|0x0000000703a00000, 0x0000000703a9fc00, 0x0000000703b00000| 62%| O|  |TAMS 0x0000000703a00000, 0x0000000703a00000| Untracked 
|  31|0x0000000703b00000, 0x0000000703b00000, 0x0000000703c00000|  0%| F|  |TAMS 0x0000000703b00000, 0x0000000703b00000| Untracked 
|  32|0x0000000703c00000, 0x0000000703c00000, 0x0000000703d00000|  0%| F|  |TAMS 0x0000000703c00000, 0x0000000703c00000| Untracked 
|  33|0x0000000703d00000, 0x0000000703d00000, 0x0000000703e00000|  0%| F|  |TAMS 0x0000000703d00000, 0x0000000703d00000| Untracked 
|  34|0x0000000703e00000, 0x0000000703e00000, 0x0000000703f00000|  0%| F|  |TAMS 0x0000000703e00000, 0x0000000703e00000| Untracked 
|  35|0x0000000703f00000, 0x0000000703f00000, 0x0000000704000000|  0%| F|  |TAMS 0x0000000703f00000, 0x0000000703f00000| Untracked 
|  36|0x0000000704000000, 0x0000000704000000, 0x0000000704100000|  0%| F|  |TAMS 0x0000000704000000, 0x0000000704000000| Untracked 
|  37|0x0000000704100000, 0x0000000704100000, 0x0000000704200000|  0%| F|  |TAMS 0x0000000704100000, 0x0000000704100000| Untracked 
|  38|0x0000000704200000, 0x0000000704200000, 0x0000000704300000|  0%| F|  |TAMS 0x0000000704200000, 0x0000000704200000| Untracked 
|  39|0x0000000704300000, 0x0000000704300000, 0x0000000704400000|  0%| F|  |TAMS 0x0000000704300000, 0x0000000704300000| Untracked 
|  40|0x0000000704400000, 0x0000000704400000, 0x0000000704500000|  0%| F|  |TAMS 0x0000000704400000, 0x0000000704400000| Untracked 
|  41|0x0000000704500000, 0x0000000704500000, 0x0000000704600000|  0%| F|  |TAMS 0x0000000704500000, 0x0000000704500000| Untracked 
|  42|0x0000000704600000, 0x0000000704600000, 0x0000000704700000|  0%| F|  |TAMS 0x0000000704600000, 0x0000000704600000| Untracked 
|  43|0x0000000704700000, 0x0000000704700000, 0x0000000704800000|  0%| F|  |TAMS 0x0000000704700000, 0x0000000704700000| Untracked 
|  44|0x0000000704800000, 0x0000000704800000, 0x0000000704900000|  0%| F|  |TAMS 0x0000000704800000, 0x0000000704800000| Untracked 
|  45|0x0000000704900000, 0x0000000704975080, 0x0000000704a00000| 45%| S|CS|TAMS 0x0000000704900000, 0x0000000704900000| Complete 
|  46|0x0000000704a00000, 0x0000000704b00000, 0x0000000704b00000|100%| S|CS|TAMS 0x0000000704a00000, 0x0000000704a00000| Complete 
|  47|0x0000000704b00000, 0x0000000704c00000, 0x0000000704c00000|100%| S|CS|TAMS 0x0000000704b00000, 0x0000000704b00000| Complete 
|  48|0x0000000704c00000, 0x0000000704d00000, 0x0000000704d00000|100%| S|CS|TAMS 0x0000000704c00000, 0x0000000704c00000| Complete 
|  49|0x0000000704d00000, 0x0000000704e00000, 0x0000000704e00000|100%| S|CS|TAMS 0x0000000704d00000, 0x0000000704d00000| Complete 
|  50|0x0000000704e00000, 0x0000000704e00000, 0x0000000704f00000|  0%| F|  |TAMS 0x0000000704e00000, 0x0000000704e00000| Untracked 
|  51|0x0000000704f00000, 0x0000000704f00000, 0x0000000705000000|  0%| F|  |TAMS 0x0000000704f00000, 0x0000000704f00000| Untracked 
|  52|0x0000000705000000, 0x0000000705000000, 0x0000000705100000|  0%| F|  |TAMS 0x0000000705000000, 0x0000000705000000| Untracked 
|  53|0x0000000705100000, 0x0000000705100000, 0x0000000705200000|  0%| F|  |TAMS 0x0000000705100000, 0x0000000705100000| Untracked 
|  54|0x0000000705200000, 0x0000000705200000, 0x0000000705300000|  0%| F|  |TAMS 0x0000000705200000, 0x0000000705200000| Untracked 
|  55|0x0000000705300000, 0x0000000705300000, 0x0000000705400000|  0%| F|  |TAMS 0x0000000705300000, 0x0000000705300000| Untracked 
|  56|0x0000000705400000, 0x0000000705400000, 0x0000000705500000|  0%| F|  |TAMS 0x0000000705400000, 0x0000000705400000| Untracked 
|  57|0x0000000705500000, 0x0000000705500000, 0x0000000705600000|  0%| F|  |TAMS 0x0000000705500000, 0x0000000705500000| Untracked 
|  58|0x0000000705600000, 0x0000000705600000, 0x0000000705700000|  0%| F|  |TAMS 0x0000000705600000, 0x0000000705600000| Untracked 
|  59|0x0000000705700000, 0x0000000705700000, 0x0000000705800000|  0%| F|  |TAMS 0x0000000705700000, 0x0000000705700000| Untracked 
|  60|0x0000000705800000, 0x0000000705800000, 0x0000000705900000|  0%| F|  |TAMS 0x0000000705800000, 0x0000000705800000| Untracked 
|  61|0x0000000705900000, 0x0000000705900000, 0x0000000705a00000|  0%| F|  |TAMS 0x0000000705900000, 0x0000000705900000| Untracked 
|  62|0x0000000705a00000, 0x0000000705a00000, 0x0000000705b00000|  0%| F|  |TAMS 0x0000000705a00000, 0x0000000705a00000| Untracked 
|  63|0x0000000705b00000, 0x0000000705b00000, 0x0000000705c00000|  0%| F|  |TAMS 0x0000000705b00000, 0x0000000705b00000| Untracked 
|  64|0x0000000705c00000, 0x0000000705c00000, 0x0000000705d00000|  0%| F|  |TAMS 0x0000000705c00000, 0x0000000705c00000| Untracked 
|  65|0x0000000705d00000, 0x0000000705d73c68, 0x0000000705e00000| 45%| E|  |TAMS 0x0000000705d00000, 0x0000000705d00000| Complete 
|  66|0x0000000705e00000, 0x0000000705f00000, 0x0000000705f00000|100%| E|CS|TAMS 0x0000000705e00000, 0x0000000705e00000| Complete 
|  67|0x0000000705f00000, 0x0000000706000000, 0x0000000706000000|100%| E|CS|TAMS 0x0000000705f00000, 0x0000000705f00000| Complete 
|  68|0x0000000706000000, 0x0000000706100000, 0x0000000706100000|100%| E|CS|TAMS 0x0000000706000000, 0x0000000706000000| Complete 
|  69|0x0000000706100000, 0x0000000706200000, 0x0000000706200000|100%| E|CS|TAMS 0x0000000706100000, 0x0000000706100000| Complete 
|  70|0x0000000706200000, 0x0000000706300000, 0x0000000706300000|100%| E|CS|TAMS 0x0000000706200000, 0x0000000706200000| Complete 
|  71|0x0000000706300000, 0x0000000706400000, 0x0000000706400000|100%| E|  |TAMS 0x0000000706300000, 0x0000000706300000| Complete 
|  72|0x0000000706400000, 0x0000000706500000, 0x0000000706500000|100%| E|CS|TAMS 0x0000000706400000, 0x0000000706400000| Complete 
|  73|0x0000000706500000, 0x0000000706600000, 0x0000000706600000|100%| E|CS|TAMS 0x0000000706500000, 0x0000000706500000| Complete 
|  74|0x0000000706600000, 0x0000000706700000, 0x0000000706700000|100%| E|CS|TAMS 0x0000000706600000, 0x0000000706600000| Complete 
|  75|0x0000000706700000, 0x0000000706800000, 0x0000000706800000|100%| E|CS|TAMS 0x0000000706700000, 0x0000000706700000| Complete 
|  76|0x0000000706800000, 0x0000000706900000, 0x0000000706900000|100%| E|CS|TAMS 0x0000000706800000, 0x0000000706800000| Complete 
|  77|0x0000000706900000, 0x0000000706a00000, 0x0000000706a00000|100%| E|CS|TAMS 0x0000000706900000, 0x0000000706900000| Complete 
|  78|0x0000000706a00000, 0x0000000706b00000, 0x0000000706b00000|100%| E|CS|TAMS 0x0000000706a00000, 0x0000000706a00000| Complete 
|  79|0x0000000706b00000, 0x0000000706c00000, 0x0000000706c00000|100%| E|CS|TAMS 0x0000000706b00000, 0x0000000706b00000| Complete 
|  80|0x0000000706c00000, 0x0000000706d00000, 0x0000000706d00000|100%| E|CS|TAMS 0x0000000706c00000, 0x0000000706c00000| Complete 
|  81|0x0000000706d00000, 0x0000000706e00000, 0x0000000706e00000|100%| E|CS|TAMS 0x0000000706d00000, 0x0000000706d00000| Complete 
|  82|0x0000000706e00000, 0x0000000706f00000, 0x0000000706f00000|100%| E|CS|TAMS 0x0000000706e00000, 0x0000000706e00000| Complete 
|  83|0x0000000706f00000, 0x0000000707000000, 0x0000000707000000|100%| E|CS|TAMS 0x0000000706f00000, 0x0000000706f00000| Complete 
|  84|0x0000000707000000, 0x0000000707100000, 0x0000000707100000|100%| E|CS|TAMS 0x0000000707000000, 0x0000000707000000| Complete 
|  85|0x0000000707100000, 0x0000000707200000, 0x0000000707200000|100%| E|CS|TAMS 0x0000000707100000, 0x0000000707100000| Complete 
|  86|0x0000000707200000, 0x0000000707300000, 0x0000000707300000|100%| E|CS|TAMS 0x0000000707200000, 0x0000000707200000| Complete 
|  87|0x0000000707300000, 0x0000000707400000, 0x0000000707400000|100%| E|CS|TAMS 0x0000000707300000, 0x0000000707300000| Complete 
|  88|0x0000000707400000, 0x0000000707500000, 0x0000000707500000|100%| E|CS|TAMS 0x0000000707400000, 0x0000000707400000| Complete 
|  89|0x0000000707500000, 0x0000000707600000, 0x0000000707600000|100%| E|CS|TAMS 0x0000000707500000, 0x0000000707500000| Complete 
|  90|0x0000000707600000, 0x0000000707700000, 0x0000000707700000|100%| E|CS|TAMS 0x0000000707600000, 0x0000000707600000| Complete 
|  91|0x0000000707700000, 0x0000000707800000, 0x0000000707800000|100%| E|CS|TAMS 0x0000000707700000, 0x0000000707700000| Complete 
|  92|0x0000000707800000, 0x0000000707900000, 0x0000000707900000|100%| E|CS|TAMS 0x0000000707800000, 0x0000000707800000| Complete 
|  93|0x0000000707900000, 0x0000000707a00000, 0x0000000707a00000|100%| E|CS|TAMS 0x0000000707900000, 0x0000000707900000| Complete 
|  94|0x0000000707a00000, 0x0000000707b00000, 0x0000000707b00000|100%| E|CS|TAMS 0x0000000707a00000, 0x0000000707a00000| Complete 
| 101|0x0000000708100000, 0x0000000708200000, 0x0000000708200000|100%| E|CS|TAMS 0x0000000708100000, 0x0000000708100000| Complete 
| 102|0x0000000708200000, 0x0000000708300000, 0x0000000708300000|100%| E|CS|TAMS 0x0000000708200000, 0x0000000708200000| Complete 
| 103|0x0000000708300000, 0x0000000708400000, 0x0000000708400000|100%| E|CS|TAMS 0x0000000708300000, 0x0000000708300000| Complete 
| 254|0x0000000711a00000, 0x0000000711b00000, 0x0000000711b00000|100%| E|CS|TAMS 0x0000000711a00000, 0x0000000711a00000| Complete 
| 255|0x0000000711b00000, 0x0000000711c00000, 0x0000000711c00000|100%| E|CS|TAMS 0x0000000711b00000, 0x0000000711b00000| Complete 

Card table byte_map: [0x0000022ea2fc0000,0x0000022ea37c0000] _byte_map_base: 0x0000022e9f7b2000

Marking Bits (Prev, Next): (CMBitMap*) 0x0000022e8f82fae8, (CMBitMap*) 0x0000022e8f82faa8
 Prev Bits: [0x0000022ea7f50000, 0x0000022eabee0000)
 Next Bits: [0x0000022ea3fc0000, 0x0000022ea7f50000)

Polling page: 0x0000022e8efa0000

Metaspace:

Usage:
  Non-class:     52.59 MB capacity,    51.60 MB ( 98%) used,   827.71 KB (  2%) free+waste,   187.63 KB ( <1%) overhead. 
      Class:      8.23 MB capacity,     7.70 MB ( 94%) used,   458.07 KB (  5%) free+waste,    89.56 KB (  1%) overhead. 
       Both:     60.83 MB capacity,    59.30 MB ( 97%) used,     1.26 MB (  2%) free+waste,   277.19 KB ( <1%) overhead. 

Virtual space:
  Non-class space:       54.00 MB reserved,      52.66 MB ( 98%) committed 
      Class space:        1.00 GB reserved,       8.37 MB ( <1%) committed 
             Both:        1.05 GB reserved,      61.03 MB (  6%) committed 

Chunk freelists:
   Non-Class:  1.00 KB
       Class:  16.00 KB
        Both:  17.00 KB

MaxMetaspaceSize: 17179869184.00 GB
CompressedClassSpaceSize: 1.00 GB

CodeHeap 'non-profiled nmethods': size=238336Kb used=8918Kb max_used=8918Kb free=229417Kb
 bounds [0x0000022e93bd0000, 0x0000022e94490000, 0x0000022ea2490000]
CodeHeap 'non-nmethods': size=7424Kb used=1325Kb max_used=1325Kb free=6099Kb
 bounds [0x0000022e93490000, 0x0000022e93700000, 0x0000022e93bd0000]
 total_blobs=6204 nmethods=5578 adapters=553
 compilation: enabled
              stopped_count=0, restarted_count=0
 full_count=0

Compilation events (20 events):
Event: 7051.590 Thread 0x0000022eaf36c000 5569       1       java.net.ServerSocket::isBound (5 bytes)
Event: 7051.590 Thread 0x0000022eaf36c000 nmethod 5569 0x0000022e94483010 code [0x0000022e944831a0, 0x0000022e94483258]
Event: 7051.591 Thread 0x0000022eaf36c000 5570       1       sun.rmi.server.MarshalInputStream::readLocation (5 bytes)
Event: 7051.591 Thread 0x0000022eaf36c000 nmethod 5570 0x0000022e94483310 code [0x0000022e944834a0, 0x0000022e94483588]
Event: 7051.592 Thread 0x0000022eaf36c000 5571       1       java.io.ObjectStreamClass::hasWriteObjectMethod (17 bytes)
Event: 7051.592 Thread 0x0000022eaf36c000 nmethod 5571 0x0000022e94483610 code [0x0000022e944837c0, 0x0000022e94483968]
Event: 7051.592 Thread 0x0000022eaf36c000 5572       1       java.io.ObjectStreamClass::getFields (22 bytes)
Event: 7051.594 Thread 0x0000022eaf36c000 nmethod 5572 0x0000022e94483a90 code [0x0000022e94483c40, 0x0000022e94483d88]
Event: 7051.617 Thread 0x0000022eaf36c000 5573       1       sun.rmi.transport.tcp.TCPConnection::releaseOutputStream (15 bytes)
Event: 7051.618 Thread 0x0000022eaf36c000 nmethod 5573 0x0000022e94483e10 code [0x0000022e94483fa0, 0x0000022e94484088]
Event: 7071.218 Thread 0x0000022eaf36c000 5574       1       org.apache.tomcat.util.net.AbstractEndpoint::isPaused (5 bytes)
Event: 7071.218 Thread 0x0000022eaf36c000 nmethod 5574 0x0000022e94484110 code [0x0000022e944842a0, 0x0000022e94484358]
Event: 7077.557 Thread 0x0000022eaf36c000 5575       1       java.util.regex.Pattern$CharPropertyGreedy::match (122 bytes)
Event: 7077.559 Thread 0x0000022eaf36c000 nmethod 5575 0x0000022e94484410 code [0x0000022e944845e0, 0x0000022e944848d8]
Event: 7077.560 Thread 0x0000022eaf36c000 5576       1       java.net.URI$Parser::scan (53 bytes)
Event: 7077.563 Thread 0x0000022eaf36c000 nmethod 5576 0x0000022e94484a90 code [0x0000022e94484c80, 0x0000022e94485098]
Event: 7077.599 Thread 0x0000022eaf36c000 5577       1       sun.security.ssl.SSLExtension::isConsumable (46 bytes)
Event: 7077.599 Thread 0x0000022eaf36c000 nmethod 5577 0x0000022e94485390 code [0x0000022e94485540, 0x0000022e944856a8]
Event: 7077.604 Thread 0x0000022eaf36c000 5578       1       java.security.spec.PSSParameterSpec::getDigestAlgorithm (5 bytes)
Event: 7077.604 Thread 0x0000022eaf36c000 nmethod 5578 0x0000022e94485810 code [0x0000022e944859a0, 0x0000022e94485a58]

GC Heap History (20 events):
Event: 1.071 GC heap before
{Heap before GC invocations=5 (full 0):
 garbage-first heap   total 40960K, used 27705K [0x0000000701c00000, 0x0000000800000000)
  region size 1024K, 22 young (22528K), 3 survivors (3072K)
 Metaspace       used 23466K, capacity 24121K, committed 24316K, reserved 1071104K
  class space    used 2749K, capacity 2985K, committed 3068K, reserved 1048576K
}
Event: 1.073 GC heap after
{Heap after GC invocations=6 (full 0):
 garbage-first heap   total 40960K, used 9359K [0x0000000701c00000, 0x0000000800000000)
  region size 1024K, 2 young (2048K), 2 survivors (2048K)
 Metaspace       used 23466K, capacity 24121K, committed 24316K, reserved 1071104K
  class space    used 2749K, capacity 2985K, committed 3068K, reserved 1048576K
}
Event: 1.191 GC heap before
{Heap before GC invocations=6 (full 0):
 garbage-first heap   total 40960K, used 28815K [0x0000000701c00000, 0x0000000800000000)
  region size 1024K, 22 young (22528K), 2 survivors (2048K)
 Metaspace       used 24311K, capacity 24997K, committed 25212K, reserved 1071104K
  class space    used 2857K, capacity 3106K, committed 3196K, reserved 1048576K
}
Event: 1.194 GC heap after
{Heap after GC invocations=7 (full 0):
 garbage-first heap   total 151552K, used 10095K [0x0000000701c00000, 0x0000000800000000)
  region size 1024K, 3 young (3072K), 3 survivors (3072K)
 Metaspace       used 24311K, capacity 24997K, committed 25212K, reserved 1071104K
  class space    used 2857K, capacity 3106K, committed 3196K, reserved 1048576K
}
Event: 1.888 GC heap before
{Heap before GC invocations=7 (full 0):
 garbage-first heap   total 151552K, used 96111K [0x0000000701c00000, 0x0000000800000000)
  region size 1024K, 88 young (90112K), 3 survivors (3072K)
 Metaspace       used 31417K, capacity 32369K, committed 32636K, reserved 1077248K
  class space    used 3838K, capacity 4186K, committed 4220K, reserved 1048576K
}
Event: 1.895 GC heap after
{Heap after GC invocations=8 (full 0):
 garbage-first heap   total 151552K, used 13662K [0x0000000701c00000, 0x0000000800000000)
  region size 1024K, 6 young (6144K), 6 survivors (6144K)
 Metaspace       used 31417K, capacity 32369K, committed 32636K, reserved 1077248K
  class space    used 3838K, capacity 4186K, committed 4220K, reserved 1048576K
}
Event: 2.137 GC heap before
{Heap before GC invocations=8 (full 0):
 garbage-first heap   total 151552K, used 56670K [0x0000000701c00000, 0x0000000800000000)
  region size 1024K, 50 young (51200K), 6 survivors (6144K)
 Metaspace       used 34823K, capacity 35872K, committed 35964K, reserved 1081344K
  class space    used 4247K, capacity 4650K, committed 4732K, reserved 1048576K
}
Event: 2.142 GC heap after
{Heap after GC invocations=9 (full 0):
 garbage-first heap   total 151552K, used 14958K [0x0000000701c00000, 0x0000000800000000)
  region size 1024K, 7 young (7168K), 7 survivors (7168K)
 Metaspace       used 34823K, capacity 35872K, committed 35964K, reserved 1081344K
  class space    used 4247K, capacity 4650K, committed 4732K, reserved 1048576K
}
Event: 2.302 GC heap before
{Heap before GC invocations=10 (full 0):
 garbage-first heap   total 58368K, used 42606K [0x0000000701c00000, 0x0000000800000000)
  region size 1024K, 34 young (34816K), 7 survivors (7168K)
 Metaspace       used 37511K, capacity 38664K, committed 39036K, reserved 1083392K
  class space    used 4691K, capacity 5107K, committed 5244K, reserved 1048576K
}
Event: 2.307 GC heap after
{Heap after GC invocations=11 (full 0):
 garbage-first heap   total 58368K, used 16163K [0x0000000701c00000, 0x0000000800000000)
  region size 1024K, 3 young (3072K), 3 survivors (3072K)
 Metaspace       used 37511K, capacity 38664K, committed 39036K, reserved 1083392K
  class space    used 4691K, capacity 5107K, committed 5244K, reserved 1048576K
}
Event: 2.475 GC heap before
{Heap before GC invocations=11 (full 0):
 garbage-first heap   total 58368K, used 45859K [0x0000000701c00000, 0x0000000800000000)
  region size 1024K, 32 young (32768K), 3 survivors (3072K)
 Metaspace       used 41284K, capacity 42521K, committed 42748K, reserved 1085440K
  class space    used 5261K, capacity 5730K, committed 5884K, reserved 1048576K
}
Event: 2.481 GC heap after
{Heap after GC invocations=12 (full 0):
 garbage-first heap   total 160768K, used 18236K [0x0000000701c00000, 0x0000000800000000)
  region size 1024K, 4 young (4096K), 4 survivors (4096K)
 Metaspace       used 41284K, capacity 42521K, committed 42748K, reserved 1085440K
  class space    used 5261K, capacity 5730K, committed 5884K, reserved 1048576K
}
Event: 3.125 GC heap before
{Heap before GC invocations=12 (full 0):
 garbage-first heap   total 160768K, used 109372K [0x0000000701c00000, 0x0000000800000000)
  region size 1024K, 94 young (96256K), 4 survivors (4096K)
 Metaspace       used 51840K, capacity 53176K, committed 53500K, reserved 1095680K
  class space    used 6596K, capacity 7074K, committed 7164K, reserved 1048576K
}
Event: 3.132 GC heap after
{Heap after GC invocations=13 (full 0):
 garbage-first heap   total 160768K, used 24938K [0x0000000701c00000, 0x0000000800000000)
  region size 1024K, 10 young (10240K), 10 survivors (10240K)
 Metaspace       used 51840K, capacity 53176K, committed 53500K, reserved 1095680K
  class space    used 6596K, capacity 7074K, committed 7164K, reserved 1048576K
}
Event: 51.623 GC heap before
{Heap before GC invocations=13 (full 0):
 garbage-first heap   total 160768K, used 77162K [0x0000000701c00000, 0x0000000800000000)
  region size 1024K, 63 young (64512K), 10 survivors (10240K)
 Metaspace       used 58797K, capacity 60290K, committed 60368K, reserved 1101824K
  class space    used 7604K, capacity 8138K, committed 8188K, reserved 1048576K
}
Event: 51.630 GC heap after
{Heap after GC invocations=14 (full 0):
 garbage-first heap   total 160768K, used 27535K [0x0000000701c00000, 0x0000000800000000)
  region size 1024K, 3 young (3072K), 3 survivors (3072K)
 Metaspace       used 58797K, capacity 60290K, committed 60368K, reserved 1101824K
  class space    used 7604K, capacity 8138K, committed 8188K, reserved 1048576K
}
Event: 3522.072 GC heap before
{Heap before GC invocations=15 (full 0):
 garbage-first heap   total 102400K, used 84879K [0x0000000701c00000, 0x0000000800000000)
  region size 1024K, 60 young (61440K), 3 survivors (3072K)
 Metaspace       used 60723K, capacity 62287K, committed 62492K, reserved 1103872K
  class space    used 7883K, capacity 8432K, committed 8572K, reserved 1048576K
}
Event: 3522.076 GC heap after
{Heap after GC invocations=16 (full 0):
 garbage-first heap   total 102400K, used 30826K [0x0000000701c00000, 0x0000000800000000)
  region size 1024K, 6 young (6144K), 6 survivors (6144K)
 Metaspace       used 60723K, capacity 62287K, committed 62492K, reserved 1103872K
  class space    used 7883K, capacity 8432K, committed 8572K, reserved 1048576K
}
Event: 5320.658 GC heap before
{Heap before GC invocations=16 (full 0):
 garbage-first heap   total 102400K, used 81002K [0x0000000701c00000, 0x0000000800000000)
  region size 1024K, 56 young (57344K), 6 survivors (6144K)
 Metaspace       used 60724K, capacity 62287K, committed 62492K, reserved 1103872K
  class space    used 7884K, capacity 8432K, committed 8572K, reserved 1048576K
}
Event: 5320.670 GC heap after
{Heap after GC invocations=17 (full 0):
 garbage-first heap   total 102400K, used 35046K [0x0000000701c00000, 0x0000000800000000)
  region size 1024K, 5 young (5120K), 5 survivors (5120K)
 Metaspace       used 60724K, capacity 62287K, committed 62492K, reserved 1103872K
  class space    used 7884K, capacity 8432K, committed 8572K, reserved 1048576K
}

Deoptimization events (8 events):
Event: 1.441 Thread 0x0000022e8f7c7800 DEOPT PACKING pc=0x0000022e93e6d99c sp=0x00000083f5efd520
Event: 1.441 Thread 0x0000022e8f7c7800 DEOPT UNPACKING pc=0x0000022e934d964e sp=0x00000083f5efca98 mode 0
Event: 2.391 Thread 0x0000022e8f7c7800 DEOPT PACKING pc=0x0000022e93e8ec5b sp=0x00000083f5efdc40
Event: 2.391 Thread 0x0000022e8f7c7800 DEOPT UNPACKING pc=0x0000022e934d964e sp=0x00000083f5efd148 mode 3
Event: 2.392 Thread 0x0000022e8f7c7800 DEOPT PACKING pc=0x0000022e93e89d46 sp=0x00000083f5efdc00
Event: 2.392 Thread 0x0000022e8f7c7800 DEOPT UNPACKING pc=0x0000022e934d964e sp=0x00000083f5efd148 mode 3
Event: 51.616 Thread 0x0000022eb13a4800 DEOPT PACKING pc=0x0000022e93d266cc sp=0x00000083f87fbc90
Event: 51.616 Thread 0x0000022eb13a4800 DEOPT UNPACKING pc=0x0000022e934d964e sp=0x00000083f87fb1b8 mode 0

Classes unloaded (0 events):
No events

Classes redefined (0 events):
No events

Internal exceptions (20 events):
Event: 2.846 Thread 0x0000022eb13a9000 Exception <a 'java/lang/NoSuchMethodError'{0x0000000709973da0}: 'java.lang.Object java.lang.invoke.DirectMethodHandle$Holder.invokeStaticInit(java.lang.Object, java.lang.Object, java.lang.Object, java.lang.Object)'> (0x0000000709973da0) 
thrown [./open/src/hotspot/share/interpreter/linkResolver.cpp, line 766]
Event: 2.980 Thread 0x0000022eb13a9000 Exception <a 'java/lang/NoSuchMethodError'{0x00000007082fd4f0}: 'java.lang.Object java.lang.invoke.DirectMethodHandle$Holder.newInvokeSpecial(java.lang.Object, java.lang.Object, int, java.lang.Object, java.lang.Object)'> (0x00000007082fd4f0) 
thrown [./open/src/hotspot/share/interpreter/linkResolver.cpp, line 766]
Event: 3.251 Thread 0x0000022eb13a9000 Exception <a 'java/lang/NoSuchMethodError'{0x000000070aa7aea8}: 'void java.lang.invoke.DirectMethodHandle$Holder.invokeInterface(java.lang.Object, java.lang.Object)'> (0x000000070aa7aea8) 
thrown [./open/src/hotspot/share/interpreter/linkResolver.cpp, line 766]
Event: 3.261 Thread 0x0000022eb13a9000 Exception <a 'java/lang/NoSuchMethodError'{0x000000070a96a4b0}: 'java.lang.Object java.lang.invoke.DirectMethodHandle$Holder.invokeStaticInit(java.lang.Object, java.lang.Object, java.lang.Object, java.lang.Object, int, int)'> (0x000000070a96a4b0) 
thrown [./open/src/hotspot/share/interpreter/linkResolver.cpp, line 766]
Event: 3.510 Thread 0x0000022e8f7c7800 Exception <a 'java/lang/ClassNotFoundException'{0x0000000709693a98}: java/lang/ObjectCustomizer> (0x0000000709693a98) 
thrown [./open/src/hotspot/share/classfile/systemDictionary.cpp, line 226]
Event: 3.510 Thread 0x0000022e8f7c7800 Exception <a 'java/lang/ClassNotFoundException'{0x00000007096a9620}: com/appsdeveloperblog/app/ws/io/entity/UserEntityCustomizer> (0x00000007096a9620) 
thrown [./open/src/hotspot/share/classfile/systemDictionary.cpp, line 226]
Event: 3.521 Thread 0x0000022e8f7c7800 Exception <a 'java/lang/NoSuchMethodError'{0x00000007095c8150}: 'int java.lang.invoke.DirectMethodHandle$Holder.invokeVirtual(java.lang.Object, java.lang.Object, java.lang.Object)'> (0x00000007095c8150) 
thrown [./open/src/hotspot/share/interpreter/linkResolver.cpp, line 766]
Event: 3.536 Thread 0x0000022e8f7c7800 Exception <a 'java/lang/IncompatibleClassChangeError'{0x00000007093538c8}: Found class java.lang.Object, but interface was expected> (0x00000007093538c8) 
thrown [./open/src/hotspot/share/interpreter/linkResolver.cpp, line 832]
Event: 51.676 Thread 0x0000022eb13a4800 Exception <a 'java/lang/ClassNotFoundException'{0x0000000707a1e418}: java/lang/ObjectCustomizer> (0x0000000707a1e418) 
thrown [./open/src/hotspot/share/classfile/systemDictionary.cpp, line 226]
Event: 51.677 Thread 0x0000022eb13a4800 Exception <a 'java/lang/ClassNotFoundException'{0x0000000707a35f88}: com/appsdeveloperblog/app/ws/shared/dto/UserDtoCustomizer> (0x0000000707a35f88) 
thrown [./open/src/hotspot/share/classfile/systemDictionary.cpp, line 226]
Event: 51.678 Thread 0x0000022eb13a4800 Exception <a 'java/lang/ClassNotFoundException'{0x0000000707a49618}: java/lang/ObjectCustomizer> (0x0000000707a49618) 
thrown [./open/src/hotspot/share/classfile/systemDictionary.cpp, line 226]
Event: 51.679 Thread 0x0000022eb13a4800 Exception <a 'java/lang/ClassNotFoundException'{0x0000000707a64728}: com/appsdeveloperblog/app/ws/ui/model/request/UserDetailsRequestModelCustomizer> (0x0000000707a64728) 
thrown [./open/src/hotspot/share/classfile/systemDictionary.cpp, line 226]
Event: 51.680 Thread 0x0000022eb13a4800 Exception <a 'java/lang/ClassNotFoundException'{0x0000000707a70e30}: java/lang/ObjectCustomizer> (0x0000000707a70e30) 
thrown [./open/src/hotspot/share/classfile/systemDictionary.cpp, line 226]
Event: 51.680 Thread 0x0000022eb13a4800 Exception <a 'java/lang/ClassNotFoundException'{0x0000000707a88f38}: com/appsdeveloperblog/app/ws/io/entity/UserEntityCustomizer> (0x0000000707a88f38) 
thrown [./open/src/hotspot/share/classfile/systemDictionary.cpp, line 226]
Event: 51.751 Thread 0x0000022eb13a4800 Exception <a 'java/lang/ClassNotFoundException'{0x00000007076ac460}: java/lang/ObjectCustomizer> (0x00000007076ac460) 
thrown [./open/src/hotspot/share/classfile/systemDictionary.cpp, line 226]
Event: 51.752 Thread 0x0000022eb13a4800 Exception <a 'java/lang/ClassNotFoundException'{0x00000007076c51f8}: com/appsdeveloperblog/app/ws/ui/model/response/UserRestCustomizer> (0x00000007076c51f8) 
thrown [./open/src/hotspot/share/classfile/systemDictionary.cpp, line 226]
Event: 55.681 Thread 0x0000022eb13ab000 Exception <a 'java/lang/reflect/InvocationTargetException'{0x000000070721a070}> (0x000000070721a070) 
thrown [./open/src/hotspot/share/runtime/reflection.cpp, line 1188]
Event: 55.681 Thread 0x0000022eb13ab000 Exception <a 'java/lang/reflect/InvocationTargetException'{0x000000070721a5e8}> (0x000000070721a5e8) 
thrown [./open/src/hotspot/share/runtime/reflection.cpp, line 1188]
Event: 55.689 Thread 0x0000022eb13ab000 Exception <a 'java/lang/NoClassDefFoundError'{0x00000007072a1980}: sun/reflect/Reflection> (0x00000007072a1980) 
thrown [./open/src/hotspot/share/classfile/systemDictionary.cpp, line 215]
Event: 3147.516 Thread 0x0000022eb3826800 Exception <a 'java/lang/NoSuchMethodError'{0x0000000704410b18}: static [Ljava/lang/Integer;.<clinit>()V> (0x0000000704410b18) 
thrown [./open/src/hotspot/share/prims/jni.cpp, line 1348]

Events (20 events):
Event: 5356.977 Executing VM operation: HandshakeOneThread
Event: 5356.977 Executing VM operation: HandshakeOneThread done
Event: 5361.979 Executing VM operation: HandshakeOneThread
Event: 5361.979 Executing VM operation: HandshakeOneThread done
Event: 5361.979 Thread 0x0000022eb3827000 Thread exited: 0x0000022eb3827000
Event: 5362.043 Executing VM operation: HandshakeOneThread
Event: 5362.043 Executing VM operation: HandshakeOneThread done
Event: 5362.043 Thread 0x0000022eb382c000 Thread exited: 0x0000022eb382c000
Event: 7077.556 Thread 0x0000022eb3829000 Thread added: 0x0000022eb3829000
Event: 7077.556 Thread 0x0000022eb382c000 Thread added: 0x0000022eb382c000
Event: 7077.557 Executing VM operation: HandshakeOneThread
Event: 7077.557 Executing VM operation: HandshakeOneThread done
Event: 7077.557 Executing VM operation: HandshakeOneThread
Event: 7077.557 Executing VM operation: HandshakeOneThread done
Event: 7077.557 Executing VM operation: HandshakeOneThread
Event: 7077.557 Executing VM operation: HandshakeOneThread done
Event: 7077.557 Executing VM operation: HandshakeOneThread
Event: 7077.557 Executing VM operation: HandshakeOneThread done
Event: 7077.563 Executing VM operation: HandshakeOneThread
Event: 7077.563 Executing VM operation: HandshakeOneThread done


Dynamic libraries:
0x00007ff784b80000 - 0x00007ff784b8d000 	C:\Program Files (x86)\SpringToolSuite4\plugins\org.eclipse.justj.openjdk.hotspot.jre.full.win32.x86_64_14.0.2.v20200815-0932\jre\bin\javaw.exe
0x00007ff877510000 - 0x00007ff877706000 	C:\Windows\SYSTEM32\ntdll.dll
0x00007ff875f80000 - 0x00007ff87603d000 	C:\Windows\System32\KERNEL32.DLL
0x00007ff875020000 - 0x00007ff8752e8000 	C:\Windows\System32\KERNELBASE.dll
0x00007ff875320000 - 0x00007ff875420000 	C:\Windows\System32\ucrtbase.dll
0x00007ff86f080000 - 0x00007ff86f098000 	C:\Program Files (x86)\SpringToolSuite4\plugins\org.eclipse.justj.openjdk.hotspot.jre.full.win32.x86_64_14.0.2.v20200815-0932\jre\bin\jli.dll
0x00007ff86e570000 - 0x00007ff86e585000 	C:\Program Files (x86)\SpringToolSuite4\plugins\org.eclipse.justj.openjdk.hotspot.jre.full.win32.x86_64_14.0.2.v20200815-0932\jre\bin\VCRUNTIME140.dll
0x00007ff875d50000 - 0x00007ff875ef0000 	C:\Windows\System32\USER32.dll
0x00007ff8752f0000 - 0x00007ff875312000 	C:\Windows\System32\win32u.dll
0x00007ff859ed0000 - 0x00007ff85a16b000 	C:\Windows\WinSxS\amd64_microsoft.windows.common-controls_6595b64144ccf1df_6.0.19041.488_none_ca04af081b815d21\COMCTL32.dll
0x00007ff876040000 - 0x00007ff87606a000 	C:\Windows\System32\GDI32.dll
0x00007ff874d10000 - 0x00007ff874e19000 	C:\Windows\System32\gdi32full.dll
0x00007ff876350000 - 0x00007ff8763ee000 	C:\Windows\System32\msvcrt.dll
0x00007ff874f80000 - 0x00007ff87501d000 	C:\Windows\System32\msvcp_win.dll
0x00007ff877280000 - 0x00007ff8772b0000 	C:\Windows\System32\IMM32.DLL
0x00007ff838aa0000 - 0x00007ff838b3b000 	C:\Program Files (x86)\SpringToolSuite4\plugins\org.eclipse.justj.openjdk.hotspot.jre.full.win32.x86_64_14.0.2.v20200815-0932\jre\bin\msvcp140.dll
0x00007ff827780000 - 0x00007ff82829e000 	C:\Program Files (x86)\SpringToolSuite4\plugins\org.eclipse.justj.openjdk.hotspot.jre.full.win32.x86_64_14.0.2.v20200815-0932\jre\bin\server\jvm.dll
0x00007ff875ab0000 - 0x00007ff875b5a000 	C:\Windows\System32\ADVAPI32.dll
0x00007ff875a10000 - 0x00007ff875aab000 	C:\Windows\System32\sechost.dll
0x00007ff875580000 - 0x00007ff8756a4000 	C:\Windows\System32\RPCRT4.dll
0x00007ff877410000 - 0x00007ff877418000 	C:\Windows\System32\PSAPI.DLL
0x00007ff869e60000 - 0x00007ff869e69000 	C:\Windows\SYSTEM32\WSOCK32.dll
0x00007ff868fd0000 - 0x00007ff868ff7000 	C:\Windows\SYSTEM32\WINMM.dll
0x00007ff8762e0000 - 0x00007ff87634b000 	C:\Windows\System32\WS2_32.dll
0x00007ff86cb60000 - 0x00007ff86cb6a000 	C:\Windows\SYSTEM32\VERSION.dll
0x00007ff872ab0000 - 0x00007ff872ac2000 	C:\Windows\SYSTEM32\kernel.appcore.dll
0x00007ff870240000 - 0x00007ff87024a000 	C:\Program Files (x86)\SpringToolSuite4\plugins\org.eclipse.justj.openjdk.hotspot.jre.full.win32.x86_64_14.0.2.v20200815-0932\jre\bin\jimage.dll
0x00007ff86ecd0000 - 0x00007ff86eeb4000 	C:\Windows\SYSTEM32\DBGHELP.DLL
0x00007ff86ec80000 - 0x00007ff86ecac000 	C:\Windows\SYSTEM32\dbgcore.DLL
0x00007ff875500000 - 0x00007ff87557f000 	C:\Windows\System32\bcryptPrimitives.dll
0x00007ff837bf0000 - 0x00007ff837c15000 	C:\Program Files (x86)\SpringToolSuite4\plugins\org.eclipse.justj.openjdk.hotspot.jre.full.win32.x86_64_14.0.2.v20200815-0932\jre\bin\java.dll
0x00007ff85b7c0000 - 0x00007ff85b7d6000 	C:\Program Files (x86)\SpringToolSuite4\plugins\org.eclipse.justj.openjdk.hotspot.jre.full.win32.x86_64_14.0.2.v20200815-0932\jre\bin\zip.dll
0x00007ff8766d0000 - 0x00007ff876e10000 	C:\Windows\System32\SHELL32.dll
0x00007ff872d90000 - 0x00007ff873524000 	C:\Windows\SYSTEM32\windows.storage.dll
0x00007ff8756b0000 - 0x00007ff875a05000 	C:\Windows\System32\combase.dll
0x00007ff8745b0000 - 0x00007ff8745dc000 	C:\Windows\SYSTEM32\Wldp.dll
0x00007ff877420000 - 0x00007ff8774ce000 	C:\Windows\System32\SHCORE.dll
0x00007ff875c70000 - 0x00007ff875cc5000 	C:\Windows\System32\shlwapi.dll
0x00007ff874b90000 - 0x00007ff874bb6000 	C:\Windows\SYSTEM32\profapi.dll
0x00007ff837bd0000 - 0x00007ff837be9000 	C:\Program Files (x86)\SpringToolSuite4\plugins\org.eclipse.justj.openjdk.hotspot.jre.full.win32.x86_64_14.0.2.v20200815-0932\jre\bin\net.dll
0x00007ff86e670000 - 0x00007ff86e770000 	C:\Windows\SYSTEM32\WINHTTP.dll
0x00007ff874380000 - 0x00007ff8743ea000 	C:\Windows\system32\mswsock.dll
0x00007ff837bb0000 - 0x00007ff837bc2000 	C:\Program Files (x86)\SpringToolSuite4\plugins\org.eclipse.justj.openjdk.hotspot.jre.full.win32.x86_64_14.0.2.v20200815-0932\jre\bin\nio.dll
0x00007ff85c3d0000 - 0x00007ff85c3d9000 	C:\Program Files (x86)\SpringToolSuite4\plugins\org.eclipse.justj.openjdk.hotspot.jre.full.win32.x86_64_14.0.2.v20200815-0932\jre\bin\management.dll
0x00007ff85b760000 - 0x00007ff85b76b000 	C:\Program Files (x86)\SpringToolSuite4\plugins\org.eclipse.justj.openjdk.hotspot.jre.full.win32.x86_64_14.0.2.v20200815-0932\jre\bin\management_ext.dll
0x00007ff86a470000 - 0x00007ff86a487000 	C:\Windows\system32\napinsp.dll
0x00007ff86a860000 - 0x00007ff86a87b000 	C:\Windows\system32\pnrpnsp.dll
0x00007ff86a740000 - 0x00007ff86a755000 	C:\Windows\system32\wshbth.dll
0x00007ff86f900000 - 0x00007ff86f91d000 	C:\Windows\system32\NLAapi.dll
0x00007ff874030000 - 0x00007ff87406b000 	C:\Windows\SYSTEM32\IPHLPAPI.DLL
0x00007ff874070000 - 0x00007ff87413b000 	C:\Windows\SYSTEM32\DNSAPI.dll
0x00007ff876070000 - 0x00007ff876079000 	C:\Windows\System32\NSI.dll
0x00007ff86b0f0000 - 0x00007ff86b102000 	C:\Windows\System32\winrnr.dll
0x00007ff86eae0000 - 0x00007ff86eaea000 	C:\Windows\System32\rasadhlp.dll
0x00007ff8704f0000 - 0x00007ff87056f000 	C:\Windows\System32\fwpuclnt.dll
0x00007ff875480000 - 0x00007ff8754a7000 	C:\Windows\System32\bcrypt.dll
0x00007ff874930000 - 0x00007ff874948000 	C:\Windows\SYSTEM32\CRYPTSP.dll
0x00007ff873cd0000 - 0x00007ff873d04000 	C:\Windows\system32\rsaenh.dll
0x00007ff874b10000 - 0x00007ff874b3e000 	C:\Windows\SYSTEM32\USERENV.dll
0x00007ff874500000 - 0x00007ff87450c000 	C:\Windows\SYSTEM32\CRYPTBASE.dll
0x00007ff870780000 - 0x00007ff870797000 	C:\Windows\SYSTEM32\dhcpcsvc6.DLL
0x00007ff870760000 - 0x00007ff87077d000 	C:\Windows\SYSTEM32\dhcpcsvc.DLL
0x00007ff85b770000 - 0x00007ff85b795000 	C:\Program Files (x86)\SpringToolSuite4\plugins\org.eclipse.justj.openjdk.hotspot.jre.full.win32.x86_64_14.0.2.v20200815-0932\jre\bin\sunec.dll
0x00007ff86f0a0000 - 0x00007ff86f0ae000 	C:\Program Files (x86)\SpringToolSuite4\plugins\org.eclipse.justj.openjdk.hotspot.jre.full.win32.x86_64_14.0.2.v20200815-0932\jre\bin\sunmscapi.dll
0x00007ff874e20000 - 0x00007ff874f7d000 	C:\Windows\System32\CRYPT32.dll
0x00007ff874670000 - 0x00007ff874697000 	C:\Windows\SYSTEM32\ncrypt.dll
0x00007ff874630000 - 0x00007ff87466b000 	C:\Windows\SYSTEM32\NTASN1.dll

dbghelp: loaded successfully - version: 4.0.5 - missing functions: none
symbol engine: initialized successfully - sym options: 0x614 - pdb path: .;C:\Program Files (x86)\SpringToolSuite4\plugins\org.eclipse.justj.openjdk.hotspot.jre.full.win32.x86_64_14.0.2.v20200815-0932\jre\bin;C:\Windows\SYSTEM32;C:\Windows\WinSxS\amd64_microsoft.windows.common-controls_6595b64144ccf1df_6.0.19041.488_none_ca04af081b815d21;C:\Program Files (x86)\SpringToolSuite4\plugins\org.eclipse.justj.openjdk.hotspot.jre.full.win32.x86_64_14.0.2.v20200815-0932\jre\bin\server

VM Arguments:
jvm_args: -Dcom.sun.management.jmxremote -Dcom.sun.management.jmxremote.port=52333 -Dcom.sun.management.jmxremote.authenticate=false -Dcom.sun.management.jmxremote.ssl=false -Djava.rmi.server.hostname=localhost -Dspring.jmx.enabled=true -Dspring.application.admin.enabled=true -Xverify:none -XX:TieredStopAtLevel=1 -Dspring.boot.project.name=mobile-app-ws -Dfile.encoding=Cp1252 -XX:+ShowCodeDetailsInExceptionMessages 
java_command: com.appsdeveloperblog.app.ws.MobileAppWsApplication --spring.output.ansi.enabled=always
java_class_path (initial): C:\Users\06010736145\Documents\curso spring boot\mobile-app-ws\target\classes;C:\Users\06010736145\.m2\repository\org\springframework\boot\spring-boot-starter-web\2.3.4.RELEASE\spring-boot-starter-web-2.3.4.RELEASE.jar;C:\Users\06010736145\.m2\repository\org\springframework\boot\spring-boot-starter\2.3.4.RELEASE\spring-boot-starter-2.3.4.RELEASE.jar;C:\Users\06010736145\.m2\repository\org\springframework\boot\spring-boot\2.3.4.RELEASE\spring-boot-2.3.4.RELEASE.jar;C:\Users\06010736145\.m2\repository\org\springframework\boot\spring-boot-autoconfigure\2.3.4.RELEASE\spring-boot-autoconfigure-2.3.4.RELEASE.jar;C:\Users\06010736145\.m2\repository\org\springframework\boot\spring-boot-starter-logging\2.3.4.RELEASE\spring-boot-starter-logging-2.3.4.RELEASE.jar;C:\Users\06010736145\.m2\repository\ch\qos\logback\logback-classic\1.2.3\logback-classic-1.2.3.jar;C:\Users\06010736145\.m2\repository\ch\qos\logback\logback-core\1.2.3\logback-core-1.2.3.jar;C:\Users\06010736145\.m2\repository\org\apache\logging\log4j\log4j-to-slf4j\2.13.3\log4j-to-slf4j-2.13.3.jar;C:\Users\06010736145\.m2\repository\org\apache\logging\log4j\log4j-api\2.13.3\log4j-api-2.13.3.jar;C:\Users\06010736145\.m2\repository\org\slf4j\jul-to-slf4j\1.7.30\jul-to-slf4j-1.7.30.jar;C:\Users\06010736145\.m2\repository\jakarta\annotation\jakarta.annotation-api\1.3.5\jakarta.annotation-api-1.3.5.jar;C:\Users\06010736145\.m2\repository\org\yaml\snakeyaml\1.26\snakeyaml-1.26.jar;C:\Users\06010736145\.m2\repository\org\springframework\boot\spring-boot-starter-json\2.3.4.RELEASE\spring-boot-starter-json-2.3.4.RELEASE.jar;C:\Users\06010736145\.m2\repository\com\fasterxml\jackson\core\jackson-databind\2.11.2\jackson-databind-2.11.2.jar;C:\Users\06010736145\.m2\repository\com\fasterxml\jackson\core\jackson-annotations\2.11.2\jackson-annotations-2.11.2.jar;C:\Users\06010736145\.m2\repository\com\fasterxml\jackson\core\jackson-core\2.11.2\jackson-core-2.11.2.jar;C:\Users\06010736145\.m2\repository\
Launcher Type: SUN_STANDARD

[Global flags]
     intx CICompilerCount                          = 4                                         {product} {ergonomic}
     uint ConcGCThreads                            = 2                                         {product} {ergonomic}
     uint G1ConcRefinementThreads                  = 8                                         {product} {ergonomic}
   size_t G1HeapRegionSize                         = 1048576                                   {product} {ergonomic}
    uintx GCDrainStackTargetSize                   = 64                                        {product} {ergonomic}
   size_t InitialHeapSize                          = 268435456                                 {product} {ergonomic}
     bool ManagementServer                         = true                                      {product} {command line}
   size_t MarkStackSize                            = 4194304                                   {product} {ergonomic}
   size_t MaxHeapSize                              = 4265607168                                {product} {ergonomic}
   size_t MaxNewSize                               = 2558525440                                {product} {ergonomic}
   size_t MinHeapDeltaBytes                        = 1048576                                   {product} {ergonomic}
   size_t MinHeapSize                              = 8388608                                   {product} {ergonomic}
    uintx NonNMethodCodeHeapSize                   = 7549744                                {pd product} {ergonomic}
    uintx NonProfiledCodeHeapSize                  = 244108496                              {pd product} {ergonomic}
    uintx ProfiledCodeHeapSize                     = 0                                      {pd product} {ergonomic}
    uintx ReservedCodeCacheSize                    = 251658240                              {pd product} {ergonomic}
     bool SegmentedCodeCache                       = true                                      {product} {ergonomic}
     bool ShowCodeDetailsInExceptionMessages       = true                                   {manageable} {command line}
   size_t SoftMaxHeapSize                          = 4265607168                             {manageable} {ergonomic}
     intx TieredStopAtLevel                        = 1                                         {product} {command line}
     bool UseCompressedClassPointers               = true                                 {lp64_product} {ergonomic}
     bool UseCompressedOops                        = true                                 {lp64_product} {ergonomic}
     bool UseG1GC                                  = true                                      {product} {ergonomic}
     bool UseLargePagesIndividualAllocation        = false                                  {pd product} {ergonomic}

Logging:
Log output configuration:
 #0: stdout all=warning uptime,level,tags
 #1: stderr all=off uptime,level,tags

Environment Variables:
JAVA_HOME=C:\Program Files\Java\jdk1.8.0_271
PATH=C:/Program Files (x86)/SpringToolSuite4//plugins/org.eclipse.justj.openjdk.hotspot.jre.full.win32.x86_64_14.0.2.v20200815-0932/jre/bin/server;C:/Program Files (x86)/SpringToolSuite4//plugins/org.eclipse.justj.openjdk.hotspot.jre.full.win32.x86_64_14.0.2.v20200815-0932/jre/bin;C:\Program Files (x86)\Common Files\Oracle\Java\javapath;C:\Python38\Scripts\;C:\Python38\;C:\Windows\system32;C:\Windows;C:\Windows\System32\Wbem;C:\Windows\System32\WindowsPowerShell\v1.0\;C:\Windows\System32\OpenSSH\;C:\Program Files\Microsoft VS Code\bin;C:\Program Files\Git\cmd;C:\ProgramData\chocolatey\bin;C:\Program Files\nodejs\;C:\Program Files (x86)\Yarn\bin\;C:\Program Files\Docker\Docker\resources\bin;C:\ProgramData\DockerDesktop\version-bin;C:\Program Files\Java\jdk1.8.0_271\bin;C:\Users\06010736145\AppData\Local\Programs\Python\Python38-32\Scripts\;C:\Users\06010736145\AppData\Local\Programs\Python\Python38-32\;C:\Users\06010736145\AppData\Local\Microsoft\WindowsApps;C:\Users\06010736145\AppData\Roaming\npm;C:\Users\06010736145\AppData\Local\Yarn\bin;;C:\Program Files (x86)\SpringToolSuite4;
USERNAME=06010736145
OS=Windows_NT
PROCESSOR_IDENTIFIER=Intel64 Family 6 Model 60 Stepping 3, GenuineIntel



---------------  S Y S T E M  ---------------

OS: Windows 10 , 64 bit Build 19041 (10.0.19041.546)
OS uptime: 0 days 2:05 hours
HyperV virtualization detected

CPU:total 8 (initial active 8) (4 cores per cpu, 2 threads per core) family 6 model 60 stepping 3, cmov, cx8, fxsr, mmx, sse, sse2, sse3, ssse3, sse4.1, sse4.2, popcnt, avx, avx2, aes, clmul, erms, lzcnt, ht, tsc, tscinvbit, bmi1, bmi2, fma

Memory: 4k page, system-wide physical 16267M (9013M free)
TotalPageFile size 18699M (AvailPageFile size 10984M)
current process WorkingSet (physical memory assigned to process): 217M, peak: 279M
current process commit charge ("private bytes"): 270M, peak: 365M

vm_info: OpenJDK 64-Bit Server VM (14.0.2+12-46) for windows-amd64 JRE (14.0.2+12-46), built on Jul  9 2020 00:31:16 by "mach5one" with MS VC++ 15.9 (VS2017)

END.
